[debug] [2024-01-15T12:13:33.167Z] ----------------------------------------------------------------------
[debug] [2024-01-15T12:13:33.170Z] Command:       C:\Program Files\nodejs\node.exe C:\Users\HP\AppData\Roaming\npm\node_modules\firebase-tools\lib\bin\firebase.js init
[debug] [2024-01-15T12:13:33.171Z] CLI Version:   13.0.3
[debug] [2024-01-15T12:13:33.171Z] Platform:      win32
[debug] [2024-01-15T12:13:33.171Z] Node Version:  v18.18.2
[debug] [2024-01-15T12:13:33.172Z] Time:          Mon Jan 15 2024 17:43:33 GMT+0530 (India Standard Time)
[debug] [2024-01-15T12:13:33.172Z] ----------------------------------------------------------------------
[debug] 
[debug] [2024-01-15T12:13:33.229Z] > command requires scopes: ["email","openid","https://www.googleapis.com/auth/cloudplatformprojects.readonly","https://www.googleapis.com/auth/firebase","https://www.googleapis.com/auth/cloud-platform"]
[debug] [2024-01-15T12:13:33.230Z] > authorizing via signed-in user (gokulnathg1205@gmail.com)
[info] 
     ######## #### ########  ######## ########     ###     ######  ########
     ##        ##  ##     ## ##       ##     ##  ##   ##  ##       ##
     ######    ##  ########  ######   ########  #########  ######  ######
     ##        ##  ##    ##  ##       ##     ## ##     ##       ## ##
     ##       #### ##     ## ######## ########  ##     ##  ######  ########

You're about to initialize a Firebase project in this directory:

  D:\Project\chat-app-starter-master

Before we get started, keep in mind:

  * You are initializing within an existing Firebase project directory

